  Line.cpp
  main.cpp
C:\Users\Denis\Desktop\Deniksbb_Repo\OOP Project\OOP-Project\main.cpp(58,26): warning C4244: '=': conversion from 'double' to 'int', possible loss of data
C:\Users\Denis\Desktop\Deniksbb_Repo\OOP Project\OOP-Project\main.cpp(95,28): warning C4244: '=': conversion from 'double' to 'int', possible loss of data
C:\Users\Denis\Desktop\Deniksbb_Repo\OOP Project\OOP-Project\main.cpp(180,27): warning C4244: '=': conversion from 'double' to 'int', possible loss of data
C:\Users\Denis\Desktop\Deniksbb_Repo\OOP Project\OOP-Project\main.cpp(262,28): warning C4244: '=': conversion from 'double' to 'int', possible loss of data
C:\Users\Denis\Desktop\Deniksbb_Repo\OOP Project\OOP-Project\main.cpp(556,27): warning C4244: '=': conversion from 'double' to 'int', possible loss of data
C:\Users\Denis\Desktop\Deniksbb_Repo\OOP Project\OOP-Project\main.cpp(655,28): warning C4244: '=': conversion from 'double' to 'int', possible loss of data
C:\Users\Denis\Desktop\Deniksbb_Repo\OOP Project\OOP-Project\main.cpp(1061,28): warning C4244: '=': conversion from 'double' to 'int', possible loss of data
C:\Users\Denis\Desktop\Deniksbb_Repo\OOP Project\OOP-Project\main.cpp(1206,28): warning C4244: '=': conversion from 'double' to 'int', possible loss of data
C:\Users\Denis\Desktop\Deniksbb_Repo\OOP Project\OOP-Project\main.cpp(1340,27): warning C4244: '=': conversion from 'double' to 'int', possible loss of data
  Point.cpp
  Segment.cpp
  Tetrahedron.cpp
C:\Users\Denis\Desktop\Deniksbb_Repo\OOP Project\OOP-Project\Tetrahedron.cpp(69,54): warning C4805: '==': unsafe mix of type 'bool' and type 'double' in operation
C:\Users\Denis\Desktop\Deniksbb_Repo\OOP Project\OOP-Project\Tetrahedron.cpp(69,72): warning C4805: '==': unsafe mix of type 'bool' and type 'double' in operation
C:\Users\Denis\Desktop\Deniksbb_Repo\OOP Project\OOP-Project\Tetrahedron.cpp(69,90): warning C4805: '==': unsafe mix of type 'bool' and type 'double' in operation
C:\Users\Denis\Desktop\Deniksbb_Repo\OOP Project\OOP-Project\Tetrahedron.cpp(69,108): warning C4805: '==': unsafe mix of type 'bool' and type 'double' in operation
C:\Users\Denis\Desktop\Deniksbb_Repo\OOP Project\OOP-Project\Tetrahedron.cpp(78,136): warning C4805: '==': unsafe mix of type 'bool' and type 'double' in operation
  Triangle.cpp
C:\Users\Denis\Desktop\Deniksbb_Repo\OOP Project\OOP-Project\Triangle.cpp(77,26): warning C4805: '==': unsafe mix of type 'bool' and type 'double' in operation
  Vector.cpp
  Generating Code...
  OOP-Project.vcxproj -> C:\Users\Denis\Desktop\Deniksbb_Repo\OOP Project\x64\Debug\OOP-Project.exe
